# JRE version: Java(TM) SE Runtime Environment (12.0.1+12) (build 12.0.1+12)
# Java VM: Java HotSpot(TM) 64-Bit Server VM (12.0.1+12, mixed mode, sharing, tiered, compressed oops, g1 gc, windows-amd64)
Heap:
 garbage-first heap   total 96256K, used 37319K [0x0000000081200000, 0x0000000100000000)
  region size 1024K, 11 young (11264K), 3 survivors (3072K)
 Metaspace       used 59923K, capacity 61569K, committed 61744K, reserved 1101824K
  class space    used 8099K, capacity 8734K, committed 8832K, reserved 1048576K
GC Heap History (10 events):
Event: 8.766 GC heap before
{Heap before GC invocations=20 (full 0):
 garbage-first heap   total 79872K, used 58813K [0x0000000081200000, 0x0000000100000000)
  region size 1024K, 38 young (38912K), 4 survivors (4096K)
 Metaspace       used 46492K, capacity 47954K, committed 48176K, reserved 1091584K
  class space    used 6400K, capacity 6946K, committed 7040K, reserved 1048576K
}
Event: 8.776 GC heap after
{Heap after GC invocations=21 (full 0):
 garbage-first heap   total 79872K, used 25265K [0x0000000081200000, 0x0000000100000000)
  region size 1024K, 4 young (4096K), 4 survivors (4096K)
 Metaspace       used 46492K, capacity 47954K, committed 48176K, reserved 1091584K
  class space    used 6400K, capacity 6946K, committed 7040K, reserved 1048576K
}
Event: 9.360 GC heap before
{Heap before GC invocations=21 (full 0):
 garbage-first heap   total 79872K, used 61105K [0x0000000081200000, 0x0000000100000000)
  region size 1024K, 39 young (39936K), 4 survivors (4096K)
 Metaspace       used 49426K, capacity 50916K, committed 51120K, reserved 1093632K
  class space    used 6748K, capacity 7307K, committed 7424K, reserved 1048576K
}
Event: 9.371 GC heap after
{Heap after GC invocations=22 (full 0):
 garbage-first heap   total 96256K, used 26698K [0x0000000081200000, 0x0000000100000000)
  region size 1024K, 4 young (4096K), 4 survivors (4096K)
 Metaspace       used 49426K, capacity 50916K, committed 51120K, reserved 1093632K
  class space    used 6748K, capacity 7307K, committed 7424K, reserved 1048576K
}
Event: 10.102 GC heap before
{Heap before GC invocations=22 (full 0):
 garbage-first heap   total 96256K, used 67658K [0x0000000081200000, 0x0000000100000000)
  region size 1024K, 44 young (45056K), 4 survivors (4096K)
 Metaspace       used 51517K, capacity 53071K, committed 53168K, reserved 1095680K
  class space    used 7047K, capacity 7637K, committed 7680K, reserved 1048576K
}
Event: 10.112 GC heap after
{Heap after GC invocations=23 (full 0):
 garbage-first heap   total 96256K, used 28618K [0x0000000081200000, 0x0000000100000000)
  region size 1024K, 5 young (5120K), 5 survivors (5120K)
 Metaspace       used 51517K, capacity 53071K, committed 53168K, reserved 1095680K
  class space    used 7047K, capacity 7637K, committed 7680K, reserved 1048576K
}
Event: 10.710 GC heap before
{Heap before GC invocations=23 (full 0):
 garbage-first heap   total 96256K, used 69578K [0x0000000081200000, 0x0000000100000000)
  region size 1024K, 45 young (46080K), 5 survivors (5120K)
 Metaspace       used 54339K, capacity 55981K, committed 56240K, reserved 1097728K
  class space    used 7463K, capacity 8071K, committed 8192K, reserved 1048576K
}
Event: 10.721 GC heap after
{Heap after GC invocations=24 (full 0):
 garbage-first heap   total 96256K, used 30435K [0x0000000081200000, 0x0000000100000000)
  region size 1024K, 4 young (4096K), 4 survivors (4096K)
 Metaspace       used 54339K, capacity 55981K, committed 56240K, reserved 1097728K
  class space    used 7463K, capacity 8071K, committed 8192K, reserved 1048576K
}
Event: 20.024 GC heap before
{Heap before GC invocations=24 (full 0):
 garbage-first heap   total 96256K, used 71395K [0x0000000081200000, 0x0000000100000000)
  region size 1024K, 43 young (44032K), 4 survivors (4096K)
 Metaspace       used 58539K, capacity 60161K, committed 60208K, reserved 1101824K
  class space    used 7914K, capacity 8542K, committed 8576K, reserved 1048576K
}
Event: 20.033 GC heap after
{Heap after GC invocations=25 (full 0):
 garbage-first heap   total 96256K, used 31175K [0x0000000081200000, 0x0000000100000000)
  region size 1024K, 3 young (3072K), 3 survivors (3072K)
 Metaspace       used 58539K, capacity 60161K, committed 60208K, reserved 1101824K
  class space    used 7914K, capacity 8542K, committed 8576K, reserved 1048576K
}

