# JRE version: Java(TM) SE Runtime Environment (12.0.1+12) (build 12.0.1+12)
# Java VM: Java HotSpot(TM) 64-Bit Server VM (12.0.1+12, mixed mode, sharing, tiered, compressed oops, g1 gc, windows-amd64)
Heap:
 garbage-first heap   total 102400K, used 36643K [0x0000000081200000, 0x0000000100000000)
  region size 1024K, 12 young (12288K), 5 survivors (5120K)
 Metaspace       used 59554K, capacity 61234K, committed 61360K, reserved 1101824K
  class space    used 8056K, capacity 8691K, committed 8704K, reserved 1048576K
GC Heap History (10 events):
Event: 14.096 GC heap before
{Heap before GC invocations=19 (full 0):
 garbage-first heap   total 84992K, used 67256K [0x0000000081200000, 0x0000000100000000)
  region size 1024K, 46 young (47104K), 3 survivors (3072K)
 Metaspace       used 46420K, capacity 47853K, committed 48176K, reserved 1091584K
  class space    used 6406K, capacity 6953K, committed 7040K, reserved 1048576K
}
Event: 14.105 GC heap after
{Heap after GC invocations=20 (full 0):
 garbage-first heap   total 84992K, used 24946K [0x0000000081200000, 0x0000000100000000)
  region size 1024K, 5 young (5120K), 5 survivors (5120K)
 Metaspace       used 46420K, capacity 47853K, committed 48176K, reserved 1091584K
  class space    used 6406K, capacity 6953K, committed 7040K, reserved 1048576K
}
Event: 14.829 GC heap before
{Heap before GC invocations=20 (full 0):
 garbage-first heap   total 84992K, used 67954K [0x0000000081200000, 0x0000000100000000)
  region size 1024K, 47 young (48128K), 5 survivors (5120K)
 Metaspace       used 49703K, capacity 51166K, committed 51376K, reserved 1093632K
  class space    used 6807K, capacity 7346K, committed 7424K, reserved 1048576K
}
Event: 14.838 GC heap after
{Heap after GC invocations=21 (full 0):
 garbage-first heap   total 84992K, used 26489K [0x0000000081200000, 0x0000000100000000)
  region size 1024K, 5 young (5120K), 5 survivors (5120K)
 Metaspace       used 49703K, capacity 51166K, committed 51376K, reserved 1093632K
  class space    used 6807K, capacity 7346K, committed 7424K, reserved 1048576K
}
Event: 15.470 GC heap before
{Heap before GC invocations=21 (full 0):
 garbage-first heap   total 84992K, used 68473K [0x0000000081200000, 0x0000000100000000)
  region size 1024K, 46 young (47104K), 5 survivors (5120K)
 Metaspace       used 51765K, capacity 53322K, committed 53552K, reserved 1095680K
  class space    used 7094K, capacity 7722K, committed 7808K, reserved 1048576K
}
Event: 15.483 GC heap after
{Heap after GC invocations=22 (full 0):
 garbage-first heap   total 102400K, used 28807K [0x0000000081200000, 0x0000000100000000)
  region size 1024K, 4 young (4096K), 4 survivors (4096K)
 Metaspace       used 51765K, capacity 53322K, committed 53552K, reserved 1095680K
  class space    used 7094K, capacity 7722K, committed 7808K, reserved 1048576K
}
Event: 45.813 GC heap before
{Heap before GC invocations=22 (full 0):
 garbage-first heap   total 102400K, used 81031K [0x0000000081200000, 0x0000000100000000)
  region size 1024K, 55 young (56320K), 4 survivors (4096K)
 Metaspace       used 55531K, capacity 57174K, committed 57392K, reserved 1097728K
  class space    used 7615K, capacity 8213K, committed 8320K, reserved 1048576K
}
Event: 45.821 GC heap after
{Heap after GC invocations=23 (full 0):
 garbage-first heap   total 102400K, used 29778K [0x0000000081200000, 0x0000000100000000)
  region size 1024K, 5 young (5120K), 5 survivors (5120K)
 Metaspace       used 55531K, capacity 57174K, committed 57392K, reserved 1097728K
  class space    used 7615K, capacity 8213K, committed 8320K, reserved 1048576K
}
Event: 49.118 GC heap before
{Heap before GC invocations=23 (full 0):
 garbage-first heap   total 102400K, used 49234K [0x0000000081200000, 0x0000000100000000)
  region size 1024K, 22 young (22528K), 5 survivors (5120K)
 Metaspace       used 58500K, capacity 60114K, committed 60208K, reserved 1101824K
  class space    used 7901K, capacity 8531K, committed 8576K, reserved 1048576K
}
Event: 49.129 GC heap after
{Heap after GC invocations=24 (full 0):
 garbage-first heap   total 102400K, used 30499K [0x0000000081200000, 0x0000000100000000)
  region size 1024K, 5 young (5120K), 5 survivors (5120K)
 Metaspace       used 58500K, capacity 60114K, committed 60208K, reserved 1101824K
  class space    used 7901K, capacity 8531K, committed 8576K, reserved 1048576K
}

