# JRE version: Java(TM) SE Runtime Environment (12.0.1+12) (build 12.0.1+12)
# Java VM: Java HotSpot(TM) 64-Bit Server VM (12.0.1+12, mixed mode, sharing, tiered, compressed oops, g1 gc, windows-amd64)
Heap:
 garbage-first heap   total 115712K, used 36110K [0x0000000081200000, 0x0000000100000000)
  region size 1024K, 11 young (11264K), 4 survivors (4096K)
 Metaspace       used 59523K, capacity 61225K, committed 61360K, reserved 1101824K
  class space    used 8047K, capacity 8690K, committed 8704K, reserved 1048576K
GC Heap History (10 events):
Event: 9.679 GC heap before
{Heap before GC invocations=21 (full 0):
 garbage-first heap   total 79872K, used 58336K [0x0000000081200000, 0x0000000100000000)
  region size 1024K, 37 young (37888K), 4 survivors (4096K)
 Metaspace       used 46370K, capacity 47780K, committed 47920K, reserved 1089536K
  class space    used 6398K, capacity 6952K, committed 7040K, reserved 1048576K
}
Event: 9.686 GC heap after
{Heap after GC invocations=22 (full 0):
 garbage-first heap   total 96256K, used 25892K [0x0000000081200000, 0x0000000100000000)
  region size 1024K, 4 young (4096K), 4 survivors (4096K)
 Metaspace       used 46370K, capacity 47780K, committed 47920K, reserved 1089536K
  class space    used 6398K, capacity 6952K, committed 7040K, reserved 1048576K
}
Event: 10.207 GC heap before
{Heap before GC invocations=22 (full 0):
 garbage-first heap   total 96256K, used 67876K [0x0000000081200000, 0x0000000100000000)
  region size 1024K, 45 young (46080K), 4 survivors (4096K)
 Metaspace       used 49618K, capacity 51093K, committed 51376K, reserved 1093632K
  class space    used 6791K, capacity 7345K, committed 7424K, reserved 1048576K
}
Event: 10.216 GC heap after
{Heap after GC invocations=23 (full 0):
 garbage-first heap   total 96256K, used 27370K [0x0000000081200000, 0x0000000100000000)
  region size 1024K, 5 young (5120K), 5 survivors (5120K)
 Metaspace       used 49618K, capacity 51093K, committed 51376K, reserved 1093632K
  class space    used 6791K, capacity 7345K, committed 7424K, reserved 1048576K
}
Event: 10.746 GC heap before
{Heap before GC invocations=23 (full 0):
 garbage-first heap   total 96256K, used 69354K [0x0000000081200000, 0x0000000100000000)
  region size 1024K, 46 young (47104K), 5 survivors (5120K)
 Metaspace       used 51653K, capacity 53227K, committed 53424K, reserved 1095680K
  class space    used 7073K, capacity 7671K, committed 7680K, reserved 1048576K
}
Event: 10.755 GC heap after
{Heap after GC invocations=24 (full 0):
 garbage-first heap   total 96256K, used 29410K [0x0000000081200000, 0x0000000100000000)
  region size 1024K, 5 young (5120K), 5 survivors (5120K)
 Metaspace       used 51653K, capacity 53227K, committed 53424K, reserved 1095680K
  class space    used 7073K, capacity 7671K, committed 7680K, reserved 1048576K
}
Event: 15.478 GC heap before
{Heap before GC invocations=24 (full 0):
 garbage-first heap   total 96256K, used 71394K [0x0000000081200000, 0x0000000100000000)
  region size 1024K, 46 young (47104K), 5 survivors (5120K)
 Metaspace       used 54410K, capacity 56039K, committed 56240K, reserved 1097728K
  class space    used 7489K, capacity 8114K, committed 8192K, reserved 1048576K
}
Event: 15.489 GC heap after
{Heap after GC invocations=25 (full 0):
 garbage-first heap   total 96256K, used 30583K [0x0000000081200000, 0x0000000100000000)
  region size 1024K, 4 young (4096K), 4 survivors (4096K)
 Metaspace       used 54410K, capacity 56039K, committed 56240K, reserved 1097728K
  class space    used 7489K, capacity 8114K, committed 8192K, reserved 1048576K
}
Event: 17.860 GC heap before
{Heap before GC invocations=25 (full 0):
 garbage-first heap   total 96256K, used 64375K [0x0000000081200000, 0x0000000100000000)
  region size 1024K, 35 young (35840K), 4 survivors (4096K)
 Metaspace       used 58429K, capacity 60105K, committed 60208K, reserved 1101824K
  class space    used 7891K, capacity 8530K, committed 8576K, reserved 1048576K
}
Event: 17.873 GC heap after
{Heap after GC invocations=26 (full 0):
 garbage-first heap   total 115712K, used 30990K [0x0000000081200000, 0x0000000100000000)
  region size 1024K, 4 young (4096K), 4 survivors (4096K)
 Metaspace       used 58429K, capacity 60105K, committed 60208K, reserved 1101824K
  class space    used 7891K, capacity 8530K, committed 8576K, reserved 1048576K
}

