# JRE version: Java(TM) SE Runtime Environment (12.0.1+12) (build 12.0.1+12)
# Java VM: Java HotSpot(TM) 64-Bit Server VM (12.0.1+12, mixed mode, sharing, tiered, compressed oops, g1 gc, windows-amd64)
Heap:
 garbage-first heap   total 96256K, used 49021K [0x0000000081200000, 0x0000000100000000)
  region size 1024K, 19 young (19456K), 3 survivors (3072K)
 Metaspace       used 59351K, capacity 60910K, committed 61264K, reserved 1101824K
  class space    used 7999K, capacity 8602K, committed 8704K, reserved 1048576K
GC Heap History (10 events):
Event: 12.029 GC heap before
{Heap before GC invocations=22 (full 0):
 garbage-first heap   total 79872K, used 57681K [0x0000000081200000, 0x0000000100000000)
  region size 1024K, 37 young (37888K), 4 survivors (4096K)
 Metaspace       used 45846K, capacity 47215K, committed 47440K, reserved 1089536K
  class space    used 6314K, capacity 6823K, committed 6912K, reserved 1048576K
}
Event: 12.037 GC heap after
{Heap after GC invocations=23 (full 0):
 garbage-first heap   total 79872K, used 25203K [0x0000000081200000, 0x0000000100000000)
  region size 1024K, 4 young (4096K), 4 survivors (4096K)
 Metaspace       used 45846K, capacity 47215K, committed 47440K, reserved 1089536K
  class space    used 6314K, capacity 6823K, committed 6912K, reserved 1048576K
}
Event: 12.625 GC heap before
{Heap before GC invocations=23 (full 0):
 garbage-first heap   total 79872K, used 60019K [0x0000000081200000, 0x0000000100000000)
  region size 1024K, 38 young (38912K), 4 survivors (4096K)
 Metaspace       used 48704K, capacity 50107K, committed 50384K, reserved 1093632K
  class space    used 6659K, capacity 7183K, committed 7296K, reserved 1048576K
}
Event: 12.634 GC heap after
{Heap after GC invocations=24 (full 0):
 garbage-first heap   total 79872K, used 26561K [0x0000000081200000, 0x0000000100000000)
  region size 1024K, 4 young (4096K), 4 survivors (4096K)
 Metaspace       used 48704K, capacity 50107K, committed 50384K, reserved 1093632K
  class space    used 6659K, capacity 7183K, committed 7296K, reserved 1048576K
}
Event: 13.275 GC heap before
{Heap before GC invocations=24 (full 0):
 garbage-first heap   total 79872K, used 61377K [0x0000000081200000, 0x0000000100000000)
  region size 1024K, 38 young (38912K), 4 survivors (4096K)
 Metaspace       used 50404K, capacity 51839K, committed 52176K, reserved 1093632K
  class space    used 6900K, capacity 7460K, committed 7552K, reserved 1048576K
}
Event: 13.285 GC heap after
{Heap after GC invocations=25 (full 0):
 garbage-first heap   total 96256K, used 28515K [0x0000000081200000, 0x0000000100000000)
  region size 1024K, 5 young (5120K), 5 survivors (5120K)
 Metaspace       used 50404K, capacity 51839K, committed 52176K, reserved 1093632K
  class space    used 6900K, capacity 7460K, committed 7552K, reserved 1048576K
}
Event: 13.969 GC heap before
{Heap before GC invocations=25 (full 0):
 garbage-first heap   total 96256K, used 68451K [0x0000000081200000, 0x0000000100000000)
  region size 1024K, 44 young (45056K), 5 survivors (5120K)
 Metaspace       used 52900K, capacity 54441K, committed 54608K, reserved 1095680K
  class space    used 7261K, capacity 7836K, committed 7936K, reserved 1048576K
}
Event: 13.981 GC heap after
{Heap after GC invocations=26 (full 0):
 garbage-first heap   total 96256K, used 29774K [0x0000000081200000, 0x0000000100000000)
  region size 1024K, 5 young (5120K), 5 survivors (5120K)
 Metaspace       used 52900K, capacity 54441K, committed 54608K, reserved 1095680K
  class space    used 7261K, capacity 7836K, committed 7936K, reserved 1048576K
}
Event: 36.858 GC heap before
{Heap before GC invocations=26 (full 0):
 garbage-first heap   total 96256K, used 70734K [0x0000000081200000, 0x0000000100000000)
  region size 1024K, 45 young (46080K), 5 survivors (5120K)
 Metaspace       used 57138K, capacity 58763K, committed 58960K, reserved 1099776K
  class space    used 7750K, capacity 8357K, committed 8448K, reserved 1048576K
}
Event: 36.867 GC heap after
{Heap after GC invocations=27 (full 0):
 garbage-first heap   total 96256K, used 31613K [0x0000000081200000, 0x0000000100000000)
  region size 1024K, 3 young (3072K), 3 survivors (3072K)
 Metaspace       used 57138K, capacity 58763K, committed 58960K, reserved 1099776K
  class space    used 7750K, capacity 8357K, committed 8448K, reserved 1048576K
}

