# JRE version: Java(TM) SE Runtime Environment (12.0.1+12) (build 12.0.1+12)
# Java VM: Java HotSpot(TM) 64-Bit Server VM (12.0.1+12, mixed mode, sharing, tiered, compressed oops, g1 gc, windows-amd64)
Heap:
 garbage-first heap   total 104448K, used 60008K [0x0000000081200000, 0x0000000100000000)
  region size 1024K, 26 young (26624K), 2 survivors (2048K)
 Metaspace       used 60673K, capacity 62431K, committed 62640K, reserved 1103872K
  class space    used 8195K, capacity 8852K, committed 8960K, reserved 1048576K
GC Heap History (10 events):
Event: 61.682 GC heap before
{Heap before GC invocations=30 (full 0):
 garbage-first heap   total 104448K, used 87135K [0x0000000081200000, 0x0000000100000000)
  region size 1024K, 34 young (34816K), 2 survivors (2048K)
 Metaspace       used 57912K, capacity 59569K, committed 59696K, reserved 1099776K
  class space    used 7862K, capacity 8499K, committed 8576K, reserved 1048576K
}
Event: 61.686 GC heap after
{Heap after GC invocations=31 (full 0):
 garbage-first heap   total 104448K, used 54481K [0x0000000081200000, 0x0000000100000000)
  region size 1024K, 2 young (2048K), 2 survivors (2048K)
 Metaspace       used 57912K, capacity 59569K, committed 59696K, reserved 1099776K
  class space    used 7862K, capacity 8499K, committed 8576K, reserved 1048576K
}
Event: 62.104 GC heap before
{Heap before GC invocations=32 (full 0):
 garbage-first heap   total 104448K, used 87249K [0x0000000081200000, 0x0000000100000000)
  region size 1024K, 34 young (34816K), 2 survivors (2048K)
 Metaspace       used 57912K, capacity 59569K, committed 59696K, reserved 1099776K
  class space    used 7862K, capacity 8499K, committed 8576K, reserved 1048576K
}
Event: 62.108 GC heap after
{Heap after GC invocations=33 (full 0):
 garbage-first heap   total 104448K, used 54468K [0x0000000081200000, 0x0000000100000000)
  region size 1024K, 2 young (2048K), 2 survivors (2048K)
 Metaspace       used 57912K, capacity 59569K, committed 59696K, reserved 1099776K
  class space    used 7862K, capacity 8499K, committed 8576K, reserved 1048576K
}
Event: 62.529 GC heap before
{Heap before GC invocations=33 (full 0):
 garbage-first heap   total 104448K, used 87236K [0x0000000081200000, 0x0000000100000000)
  region size 1024K, 34 young (34816K), 2 survivors (2048K)
 Metaspace       used 57912K, capacity 59569K, committed 59696K, reserved 1099776K
  class space    used 7862K, capacity 8499K, committed 8576K, reserved 1048576K
}
Event: 62.534 GC heap after
{Heap after GC invocations=34 (full 0):
 garbage-first heap   total 104448K, used 54401K [0x0000000081200000, 0x0000000100000000)
  region size 1024K, 2 young (2048K), 2 survivors (2048K)
 Metaspace       used 57912K, capacity 59569K, committed 59696K, reserved 1099776K
  class space    used 7862K, capacity 8499K, committed 8576K, reserved 1048576K
}
Event: 62.929 GC heap before
{Heap before GC invocations=35 (full 0):
 garbage-first heap   total 104448K, used 88193K [0x0000000081200000, 0x0000000100000000)
  region size 1024K, 35 young (35840K), 2 survivors (2048K)
 Metaspace       used 57912K, capacity 59569K, committed 59696K, reserved 1099776K
  class space    used 7862K, capacity 8499K, committed 8576K, reserved 1048576K
}
Event: 62.933 GC heap after
{Heap after GC invocations=36 (full 0):
 garbage-first heap   total 104448K, used 54464K [0x0000000081200000, 0x0000000100000000)
  region size 1024K, 2 young (2048K), 2 survivors (2048K)
 Metaspace       used 57912K, capacity 59569K, committed 59696K, reserved 1099776K
  class space    used 7862K, capacity 8499K, committed 8576K, reserved 1048576K
}
Event: 64.426 GC heap before
{Heap before GC invocations=36 (full 0):
 garbage-first heap   total 104448K, used 76992K [0x0000000081200000, 0x0000000100000000)
  region size 1024K, 25 young (25600K), 2 survivors (2048K)
 Metaspace       used 59933K, capacity 61591K, committed 61744K, reserved 1101824K
  class space    used 8117K, capacity 8745K, committed 8832K, reserved 1048576K
}
Event: 64.432 GC heap after
{Heap after GC invocations=37 (full 0):
 garbage-first heap   total 104448K, used 31336K [0x0000000081200000, 0x0000000100000000)
  region size 1024K, 2 young (2048K), 2 survivors (2048K)
 Metaspace       used 59933K, capacity 61591K, committed 61744K, reserved 1101824K
  class space    used 8117K, capacity 8745K, committed 8832K, reserved 1048576K
}

