# JRE version: Java(TM) SE Runtime Environment (12.0.1+12) (build 12.0.1+12)
# Java VM: Java HotSpot(TM) 64-Bit Server VM (12.0.1+12, mixed mode, sharing, tiered, compressed oops, g1 gc, windows-amd64)
Heap:
 garbage-first heap   total 112640K, used 38667K [0x0000000081200000, 0x0000000100000000)
  region size 1024K, 11 young (11264K), 3 survivors (3072K)
 Metaspace       used 59912K, capacity 61628K, committed 61744K, reserved 1101824K
  class space    used 8096K, capacity 8734K, committed 8832K, reserved 1048576K
GC Heap History (10 events):
Event: 8.029 GC heap before
{Heap before GC invocations=20 (full 0):
 garbage-first heap   total 96256K, used 69160K [0x0000000081200000, 0x0000000100000000)
  region size 1024K, 47 young (48128K), 4 survivors (4096K)
 Metaspace       used 48466K, capacity 49903K, committed 50096K, reserved 1091584K
  class space    used 6630K, capacity 7165K, committed 7168K, reserved 1048576K
}
Event: 8.035 GC heap after
{Heap after GC invocations=21 (full 0):
 garbage-first heap   total 96256K, used 26458K [0x0000000081200000, 0x0000000100000000)
  region size 1024K, 5 young (5120K), 5 survivors (5120K)
 Metaspace       used 48466K, capacity 49903K, committed 50096K, reserved 1091584K
  class space    used 6630K, capacity 7165K, committed 7168K, reserved 1048576K
}
Event: 8.654 GC heap before
{Heap before GC invocations=21 (full 0):
 garbage-first heap   total 96256K, used 71514K [0x0000000081200000, 0x0000000100000000)
  region size 1024K, 49 young (50176K), 5 survivors (5120K)
 Metaspace       used 50981K, capacity 52477K, committed 52528K, reserved 1093632K
  class space    used 6978K, capacity 7551K, committed 7552K, reserved 1048576K
}
Event: 8.664 GC heap after
{Heap after GC invocations=22 (full 0):
 garbage-first heap   total 96256K, used 28844K [0x0000000081200000, 0x0000000100000000)
  region size 1024K, 6 young (6144K), 6 survivors (6144K)
 Metaspace       used 50981K, capacity 52477K, committed 52528K, reserved 1093632K
  class space    used 6978K, capacity 7551K, committed 7552K, reserved 1048576K
}
Event: 9.146 GC heap before
{Heap before GC invocations=22 (full 0):
 garbage-first heap   total 96256K, used 72876K [0x0000000081200000, 0x0000000100000000)
  region size 1024K, 49 young (50176K), 6 survivors (6144K)
 Metaspace       used 53741K, capacity 55335K, committed 55600K, reserved 1097728K
  class space    used 7382K, capacity 7991K, committed 8064K, reserved 1048576K
}
Event: 9.159 GC heap after
{Heap after GC invocations=23 (full 0):
 garbage-first heap   total 96256K, used 30150K [0x0000000081200000, 0x0000000100000000)
  region size 1024K, 4 young (4096K), 4 survivors (4096K)
 Metaspace       used 53741K, capacity 55335K, committed 55600K, reserved 1097728K
  class space    used 7382K, capacity 7991K, committed 8064K, reserved 1048576K
}
Event: 44.528 GC heap before
{Heap before GC invocations=23 (full 0):
 garbage-first heap   total 96256K, used 74182K [0x0000000081200000, 0x0000000100000000)
  region size 1024K, 47 young (48128K), 4 survivors (4096K)
 Metaspace       used 57819K, capacity 59481K, committed 59696K, reserved 1099776K
  class space    used 7842K, capacity 8489K, committed 8576K, reserved 1048576K
}
Event: 44.537 GC heap after
{Heap after GC invocations=24 (full 0):
 garbage-first heap   total 115712K, used 32282K [0x0000000081200000, 0x0000000100000000)
  region size 1024K, 3 young (3072K), 3 survivors (3072K)
 Metaspace       used 57819K, capacity 59481K, committed 59696K, reserved 1099776K
  class space    used 7842K, capacity 8489K, committed 8576K, reserved 1048576K
}
Event: 45.735 GC heap before
{Heap before GC invocations=24 (full 0):
 garbage-first heap   total 115712K, used 41498K [0x0000000081200000, 0x0000000100000000)
  region size 1024K, 12 young (12288K), 3 survivors (3072K)
 Metaspace       used 58484K, capacity 60156K, committed 60208K, reserved 1101824K
  class space    used 7911K, capacity 8542K, committed 8576K, reserved 1048576K
}
Event: 45.742 GC heap after
{Heap after GC invocations=25 (full 0):
 garbage-first heap   total 115712K, used 31499K [0x0000000081200000, 0x0000000100000000)
  region size 1024K, 3 young (3072K), 3 survivors (3072K)
 Metaspace       used 58484K, capacity 60156K, committed 60208K, reserved 1101824K
  class space    used 7911K, capacity 8542K, committed 8576K, reserved 1048576K
}

