# JRE version: Java(TM) SE Runtime Environment (12.0.1+12) (build 12.0.1+12)
# Java VM: Java HotSpot(TM) 64-Bit Server VM (12.0.1+12, mixed mode, sharing, tiered, compressed oops, g1 gc, windows-amd64)
Heap:
 garbage-first heap   total 112640K, used 38912K [0x0000000081200000, 0x0000000100000000)
  region size 1024K, 11 young (11264K), 3 survivors (3072K)
 Metaspace       used 59824K, capacity 61547K, committed 61744K, reserved 1101824K
  class space    used 8099K, capacity 8734K, committed 8832K, reserved 1048576K
GC Heap History (10 events):
Event: 8.066 GC heap before
{Heap before GC invocations=21 (full 0):
 garbage-first heap   total 79872K, used 58085K [0x0000000081200000, 0x0000000100000000)
  region size 1024K, 36 young (36864K), 3 survivors (3072K)
 Metaspace       used 46392K, capacity 47803K, committed 47920K, reserved 1089536K
  class space    used 6401K, capacity 6946K, committed 7040K, reserved 1048576K
}
Event: 8.073 GC heap after
{Heap after GC invocations=22 (full 0):
 garbage-first heap   total 96256K, used 25697K [0x0000000081200000, 0x0000000100000000)
  region size 1024K, 4 young (4096K), 4 survivors (4096K)
 Metaspace       used 46392K, capacity 47803K, committed 47920K, reserved 1089536K
  class space    used 6401K, capacity 6946K, committed 7040K, reserved 1048576K
}
Event: 8.592 GC heap before
{Heap before GC invocations=22 (full 0):
 garbage-first heap   total 96256K, used 65633K [0x0000000081200000, 0x0000000100000000)
  region size 1024K, 43 young (44032K), 4 survivors (4096K)
 Metaspace       used 49621K, capacity 51047K, committed 51376K, reserved 1093632K
  class space    used 6790K, capacity 7338K, committed 7424K, reserved 1048576K
}
Event: 8.599 GC heap after
{Heap after GC invocations=23 (full 0):
 garbage-first heap   total 96256K, used 27195K [0x0000000081200000, 0x0000000100000000)
  region size 1024K, 5 young (5120K), 5 survivors (5120K)
 Metaspace       used 49621K, capacity 51047K, committed 51376K, reserved 1093632K
  class space    used 6790K, capacity 7338K, committed 7424K, reserved 1048576K
}
Event: 9.097 GC heap before
{Heap before GC invocations=23 (full 0):
 garbage-first heap   total 96256K, used 67131K [0x0000000081200000, 0x0000000100000000)
  region size 1024K, 44 young (45056K), 5 survivors (5120K)
 Metaspace       used 51567K, capacity 53111K, committed 53168K, reserved 1095680K
  class space    used 7063K, capacity 7662K, committed 7680K, reserved 1048576K
}
Event: 9.107 GC heap after
{Heap after GC invocations=24 (full 0):
 garbage-first heap   total 96256K, used 29143K [0x0000000081200000, 0x0000000100000000)
  region size 1024K, 5 young (5120K), 5 survivors (5120K)
 Metaspace       used 51567K, capacity 53111K, committed 53168K, reserved 1095680K
  class space    used 7063K, capacity 7662K, committed 7680K, reserved 1048576K
}
Event: 9.632 GC heap before
{Heap before GC invocations=24 (full 0):
 garbage-first heap   total 96256K, used 70103K [0x0000000081200000, 0x0000000100000000)
  region size 1024K, 45 young (46080K), 5 survivors (5120K)
 Metaspace       used 54250K, capacity 55868K, committed 56240K, reserved 1097728K
  class space    used 7464K, capacity 8065K, committed 8192K, reserved 1048576K
}
Event: 9.641 GC heap after
{Heap after GC invocations=25 (full 0):
 garbage-first heap   total 96256K, used 30342K [0x0000000081200000, 0x0000000100000000)
  region size 1024K, 4 young (4096K), 4 survivors (4096K)
 Metaspace       used 54250K, capacity 55868K, committed 56240K, reserved 1097728K
  class space    used 7464K, capacity 8065K, committed 8192K, reserved 1048576K
}
Event: 17.571 GC heap before
{Heap before GC invocations=25 (full 0):
 garbage-first heap   total 96256K, used 70278K [0x0000000081200000, 0x0000000100000000)
  region size 1024K, 42 young (43008K), 4 survivors (4096K)
 Metaspace       used 58473K, capacity 60139K, committed 60208K, reserved 1101824K
  class space    used 7914K, capacity 8542K, committed 8576K, reserved 1048576K
}
Event: 17.581 GC heap after
{Heap after GC invocations=26 (full 0):
 garbage-first heap   total 115712K, used 31744K [0x0000000081200000, 0x0000000100000000)
  region size 1024K, 3 young (3072K), 3 survivors (3072K)
 Metaspace       used 58473K, capacity 60139K, committed 60208K, reserved 1101824K
  class space    used 7914K, capacity 8542K, committed 8576K, reserved 1048576K
}

