# JRE version: Java(TM) SE Runtime Environment (12.0.1+12) (build 12.0.1+12)
# Java VM: Java HotSpot(TM) 64-Bit Server VM (12.0.1+12, mixed mode, sharing, tiered, compressed oops, g1 gc, windows-amd64)
Heap:
 garbage-first heap   total 115712K, used 39237K [0x0000000081200000, 0x0000000100000000)
  region size 1024K, 14 young (14336K), 4 survivors (4096K)
 Metaspace       used 59988K, capacity 61697K, committed 62000K, reserved 1101824K
  class space    used 8127K, capacity 8780K, committed 8832K, reserved 1048576K
GC Heap History (10 events):
Event: 7.775 GC heap before
{Heap before GC invocations=21 (full 0):
 garbage-first heap   total 96256K, used 64990K [0x0000000081200000, 0x0000000100000000)
  region size 1024K, 44 young (45056K), 4 survivors (4096K)
 Metaspace       used 46921K, capacity 48301K, committed 48432K, reserved 1091584K
  class space    used 6448K, capacity 6980K, committed 7040K, reserved 1048576K
}
Event: 7.783 GC heap after
{Heap after GC invocations=22 (full 0):
 garbage-first heap   total 96256K, used 25505K [0x0000000081200000, 0x0000000100000000)
  region size 1024K, 5 young (5120K), 5 survivors (5120K)
 Metaspace       used 46921K, capacity 48301K, committed 48432K, reserved 1091584K
  class space    used 6448K, capacity 6980K, committed 7040K, reserved 1048576K
}
Event: 8.366 GC heap before
{Heap before GC invocations=22 (full 0):
 garbage-first heap   total 96256K, used 67489K [0x0000000081200000, 0x0000000100000000)
  region size 1024K, 46 young (47104K), 5 survivors (5120K)
 Metaspace       used 49843K, capacity 51290K, committed 51376K, reserved 1093632K
  class space    used 6817K, capacity 7372K, committed 7424K, reserved 1048576K
}
Event: 8.373 GC heap after
{Heap after GC invocations=23 (full 0):
 garbage-first heap   total 96256K, used 27034K [0x0000000081200000, 0x0000000100000000)
  region size 1024K, 5 young (5120K), 5 survivors (5120K)
 Metaspace       used 49843K, capacity 51290K, committed 51376K, reserved 1093632K
  class space    used 6817K, capacity 7372K, committed 7424K, reserved 1048576K
}
Event: 8.846 GC heap before
{Heap before GC invocations=23 (full 0):
 garbage-first heap   total 96256K, used 70042K [0x0000000081200000, 0x0000000100000000)
  region size 1024K, 47 young (48128K), 5 survivors (5120K)
 Metaspace       used 51972K, capacity 53550K, committed 53808K, reserved 1095680K
  class space    used 7125K, capacity 7696K, committed 7808K, reserved 1048576K
}
Event: 8.856 GC heap after
{Heap after GC invocations=24 (full 0):
 garbage-first heap   total 96256K, used 29482K [0x0000000081200000, 0x0000000100000000)
  region size 1024K, 4 young (4096K), 4 survivors (4096K)
 Metaspace       used 51972K, capacity 53550K, committed 53808K, reserved 1095680K
  class space    used 7125K, capacity 7696K, committed 7808K, reserved 1048576K
}
Event: 37.916 GC heap before
{Heap before GC invocations=24 (full 0):
 garbage-first heap   total 96256K, used 70442K [0x0000000081200000, 0x0000000100000000)
  region size 1024K, 45 young (46080K), 4 survivors (4096K)
 Metaspace       used 54726K, capacity 56372K, committed 56496K, reserved 1097728K
  class space    used 7514K, capacity 8116K, committed 8192K, reserved 1048576K
}
Event: 37.925 GC heap after
{Heap after GC invocations=25 (full 0):
 garbage-first heap   total 115712K, used 30290K [0x0000000081200000, 0x0000000100000000)
  region size 1024K, 4 young (4096K), 4 survivors (4096K)
 Metaspace       used 54726K, capacity 56372K, committed 56496K, reserved 1097728K
  class space    used 7514K, capacity 8116K, committed 8192K, reserved 1048576K
}
Event: 38.902 GC heap before
{Heap before GC invocations=25 (full 0):
 garbage-first heap   total 115712K, used 72274K [0x0000000081200000, 0x0000000100000000)
  region size 1024K, 45 young (46080K), 4 survivors (4096K)
 Metaspace       used 58521K, capacity 60181K, committed 60208K, reserved 1101824K
  class space    used 7931K, capacity 8552K, committed 8576K, reserved 1048576K
}
Event: 38.912 GC heap after
{Heap after GC invocations=26 (full 0):
 garbage-first heap   total 115712K, used 31045K [0x0000000081200000, 0x0000000100000000)
  region size 1024K, 4 young (4096K), 4 survivors (4096K)
 Metaspace       used 58521K, capacity 60181K, committed 60208K, reserved 1101824K
  class space    used 7931K, capacity 8552K, committed 8576K, reserved 1048576K
}

