# JRE version: Java(TM) SE Runtime Environment (12.0.1+12) (build 12.0.1+12)
# Java VM: Java HotSpot(TM) 64-Bit Server VM (12.0.1+12, mixed mode, sharing, tiered, compressed oops, g1 gc, windows-amd64)
Heap:
 garbage-first heap   total 102400K, used 38296K [0x0000000081200000, 0x0000000100000000)
  region size 1024K, 13 young (13312K), 5 survivors (5120K)
 Metaspace       used 59968K, capacity 61655K, committed 61744K, reserved 1101824K
  class space    used 8117K, capacity 8744K, committed 8832K, reserved 1048576K
GC Heap History (10 events):
Event: 8.446 GC heap before
{Heap before GC invocations=19 (full 0):
 garbage-first heap   total 84992K, used 64595K [0x0000000081200000, 0x0000000100000000)
  region size 1024K, 44 young (45056K), 3 survivors (3072K)
 Metaspace       used 45835K, capacity 47229K, committed 47536K, reserved 1089536K
  class space    used 6309K, capacity 6856K, committed 6912K, reserved 1048576K
}
Event: 8.454 GC heap after
{Heap after GC invocations=20 (full 0):
 garbage-first heap   total 84992K, used 25195K [0x0000000081200000, 0x0000000100000000)
  region size 1024K, 5 young (5120K), 5 survivors (5120K)
 Metaspace       used 45835K, capacity 47229K, committed 47536K, reserved 1089536K
  class space    used 6309K, capacity 6856K, committed 6912K, reserved 1048576K
}
Event: 8.972 GC heap before
{Heap before GC invocations=20 (full 0):
 garbage-first heap   total 84992K, used 66155K [0x0000000081200000, 0x0000000100000000)
  region size 1024K, 45 young (46080K), 5 survivors (5120K)
 Metaspace       used 49269K, capacity 50676K, committed 50736K, reserved 1093632K
  class space    used 6739K, capacity 7273K, committed 7296K, reserved 1048576K
}
Event: 8.980 GC heap after
{Heap after GC invocations=21 (full 0):
 garbage-first heap   total 102400K, used 26737K [0x0000000081200000, 0x0000000100000000)
  region size 1024K, 4 young (4096K), 4 survivors (4096K)
 Metaspace       used 49269K, capacity 50676K, committed 50736K, reserved 1093632K
  class space    used 6739K, capacity 7273K, committed 7296K, reserved 1048576K
}
Event: 9.611 GC heap before
{Heap before GC invocations=21 (full 0):
 garbage-first heap   total 102400K, used 75889K [0x0000000081200000, 0x0000000100000000)
  region size 1024K, 52 young (53248K), 4 survivors (4096K)
 Metaspace       used 51769K, capacity 53348K, committed 53552K, reserved 1095680K
  class space    used 7086K, capacity 7689K, committed 7808K, reserved 1048576K
}
Event: 9.620 GC heap after
{Heap after GC invocations=22 (full 0):
 garbage-first heap   total 102400K, used 28974K [0x0000000081200000, 0x0000000100000000)
  region size 1024K, 6 young (6144K), 6 survivors (6144K)
 Metaspace       used 51769K, capacity 53348K, committed 53552K, reserved 1095680K
  class space    used 7086K, capacity 7689K, committed 7808K, reserved 1048576K
}
Event: 23.229 GC heap before
{Heap before GC invocations=22 (full 0):
 garbage-first heap   total 102400K, used 77102K [0x0000000081200000, 0x0000000100000000)
  region size 1024K, 54 young (55296K), 6 survivors (6144K)
 Metaspace       used 54940K, capacity 56534K, committed 56752K, reserved 1097728K
  class space    used 7538K, capacity 8148K, committed 8192K, reserved 1048576K
}
Event: 23.239 GC heap after
{Heap after GC invocations=23 (full 0):
 garbage-first heap   total 102400K, used 30303K [0x0000000081200000, 0x0000000100000000)
  region size 1024K, 4 young (4096K), 4 survivors (4096K)
 Metaspace       used 54940K, capacity 56534K, committed 56752K, reserved 1097728K
  class space    used 7538K, capacity 8148K, committed 8192K, reserved 1048576K
}
Event: 24.158 GC heap before
{Heap before GC invocations=23 (full 0):
 garbage-first heap   total 102400K, used 51807K [0x0000000081200000, 0x0000000100000000)
  region size 1024K, 26 young (26624K), 4 survivors (4096K)
 Metaspace       used 58558K, capacity 60183K, committed 60208K, reserved 1101824K
  class space    used 7934K, capacity 8552K, committed 8576K, reserved 1048576K
}
Event: 24.168 GC heap after
{Heap after GC invocations=24 (full 0):
 garbage-first heap   total 102400K, used 31128K [0x0000000081200000, 0x0000000100000000)
  region size 1024K, 5 young (5120K), 5 survivors (5120K)
 Metaspace       used 58558K, capacity 60183K, committed 60208K, reserved 1101824K
  class space    used 7934K, capacity 8552K, committed 8576K, reserved 1048576K
}

