# JRE version: Java(TM) SE Runtime Environment (12.0.1+12) (build 12.0.1+12)
# Java VM: Java HotSpot(TM) 64-Bit Server VM (12.0.1+12, mixed mode, sharing, tiered, compressed oops, g1 gc, windows-amd64)
Heap:
 garbage-first heap   total 107520K, used 50482K [0x0000000081200000, 0x0000000100000000)
  region size 1024K, 22 young (22528K), 4 survivors (4096K)
 Metaspace       used 59327K, capacity 60914K, committed 61212K, reserved 1101824K
  class space    used 8000K, capacity 8602K, committed 8652K, reserved 1048576K
GC Heap History (10 events):
Event: 9.948 GC heap before
{Heap before GC invocations=20 (full 0):
 garbage-first heap   total 89088K, used 61493K [0x0000000081200000, 0x0000000100000000)
  region size 1024K, 41 young (41984K), 3 survivors (3072K)
 Metaspace       used 43951K, capacity 45090K, committed 45212K, reserved 1087488K
  class space    used 6028K, capacity 6453K, committed 6476K, reserved 1048576K
}
Event: 9.957 GC heap after
{Heap after GC invocations=21 (full 0):
 garbage-first heap   total 89088K, used 23788K [0x0000000081200000, 0x0000000100000000)
  region size 1024K, 4 young (4096K), 4 survivors (4096K)
 Metaspace       used 43951K, capacity 45090K, committed 45212K, reserved 1087488K
  class space    used 6028K, capacity 6453K, committed 6476K, reserved 1048576K
}
Event: 10.467 GC heap before
{Heap before GC invocations=21 (full 0):
 garbage-first heap   total 89088K, used 63724K [0x0000000081200000, 0x0000000100000000)
  region size 1024K, 43 young (44032K), 4 survivors (4096K)
 Metaspace       used 47298K, capacity 48602K, committed 48796K, reserved 1091584K
  class space    used 6466K, capacity 6960K, committed 6988K, reserved 1048576K
}
Event: 10.475 GC heap after
{Heap after GC invocations=22 (full 0):
 garbage-first heap   total 89088K, used 25347K [0x0000000081200000, 0x0000000100000000)
  region size 1024K, 5 young (5120K), 5 survivors (5120K)
 Metaspace       used 47298K, capacity 48602K, committed 48796K, reserved 1091584K
  class space    used 6466K, capacity 6960K, committed 6988K, reserved 1048576K
}
Event: 11.210 GC heap before
{Heap before GC invocations=22 (full 0):
 garbage-first heap   total 89088K, used 65283K [0x0000000081200000, 0x0000000100000000)
  region size 1024K, 44 young (45056K), 5 survivors (5120K)
 Metaspace       used 49873K, capacity 51280K, committed 51612K, reserved 1093632K
  class space    used 6813K, capacity 7379K, committed 7500K, reserved 1048576K
}
Event: 11.221 GC heap after
{Heap after GC invocations=23 (full 0):
 garbage-first heap   total 89088K, used 26941K [0x0000000081200000, 0x0000000100000000)
  region size 1024K, 5 young (5120K), 5 survivors (5120K)
 Metaspace       used 49873K, capacity 51280K, committed 51612K, reserved 1093632K
  class space    used 6813K, capacity 7379K, committed 7500K, reserved 1048576K
}
Event: 11.765 GC heap before
{Heap before GC invocations=23 (full 0):
 garbage-first heap   total 89088K, used 67901K [0x0000000081200000, 0x0000000100000000)
  region size 1024K, 45 young (46080K), 5 survivors (5120K)
 Metaspace       used 52058K, capacity 53569K, committed 53660K, reserved 1095680K
  class space    used 7150K, capacity 7737K, committed 7756K, reserved 1048576K
}
Event: 11.776 GC heap after
{Heap after GC invocations=24 (full 0):
 garbage-first heap   total 107520K, used 28840K [0x0000000081200000, 0x0000000100000000)
  region size 1024K, 4 young (4096K), 4 survivors (4096K)
 Metaspace       used 52058K, capacity 53569K, committed 53660K, reserved 1095680K
  class space    used 7150K, capacity 7737K, committed 7756K, reserved 1048576K
}
Event: 32.555 GC heap before
{Heap before GC invocations=24 (full 0):
 garbage-first heap   total 107520K, used 79016K [0x0000000081200000, 0x0000000100000000)
  region size 1024K, 53 young (54272K), 4 survivors (4096K)
 Metaspace       used 57116K, capacity 58703K, committed 58908K, reserved 1099776K
  class space    used 7750K, capacity 8357K, committed 8396K, reserved 1048576K
}
Event: 32.563 GC heap after
{Heap after GC invocations=25 (full 0):
 garbage-first heap   total 107520K, used 31026K [0x0000000081200000, 0x0000000100000000)
  region size 1024K, 4 young (4096K), 4 survivors (4096K)
 Metaspace       used 57116K, capacity 58703K, committed 58908K, reserved 1099776K
  class space    used 7750K, capacity 8357K, committed 8396K, reserved 1048576K
}

