# JRE version: Java(TM) SE Runtime Environment (12.0.1+12) (build 12.0.1+12)
# Java VM: Java HotSpot(TM) 64-Bit Server VM (12.0.1+12, mixed mode, sharing, tiered, compressed oops, g1 gc, windows-amd64)
Heap:
 garbage-first heap   total 96256K, used 35171K [0x0000000081200000, 0x0000000100000000)
  region size 1024K, 9 young (9216K), 4 survivors (4096K)
 Metaspace       used 59028K, capacity 60645K, committed 60808K, reserved 1101824K
  class space    used 7958K, capacity 8558K, committed 8576K, reserved 1048576K
GC Heap History (10 events):
Event: 10.536 GC heap before
{Heap before GC invocations=22 (full 0):
 garbage-first heap   total 79872K, used 59085K [0x0000000081200000, 0x0000000100000000)
  region size 1024K, 37 young (37888K), 4 survivors (4096K)
 Metaspace       used 47494K, capacity 48862K, committed 49104K, reserved 1091584K
  class space    used 6494K, capacity 7002K, committed 7040K, reserved 1048576K
}
Event: 10.541 GC heap after
{Heap after GC invocations=23 (full 0):
 garbage-first heap   total 79872K, used 26291K [0x0000000081200000, 0x0000000100000000)
  region size 1024K, 4 young (4096K), 4 survivors (4096K)
 Metaspace       used 47494K, capacity 48862K, committed 49104K, reserved 1091584K
  class space    used 6494K, capacity 7002K, committed 7040K, reserved 1048576K
}
Event: 11.124 GC heap before
{Heap before GC invocations=23 (full 0):
 garbage-first heap   total 79872K, used 60083K [0x0000000081200000, 0x0000000100000000)
  region size 1024K, 37 young (37888K), 4 survivors (4096K)
 Metaspace       used 49630K, capacity 51046K, committed 51280K, reserved 1093632K
  class space    used 6784K, capacity 7324K, committed 7424K, reserved 1048576K
}
Event: 11.132 GC heap after
{Heap after GC invocations=24 (full 0):
 garbage-first heap   total 79872K, used 27941K [0x0000000081200000, 0x0000000100000000)
  region size 1024K, 4 young (4096K), 4 survivors (4096K)
 Metaspace       used 49630K, capacity 51046K, committed 51280K, reserved 1093632K
  class space    used 6784K, capacity 7324K, committed 7424K, reserved 1048576K
}
Event: 11.650 GC heap before
{Heap before GC invocations=24 (full 0):
 garbage-first heap   total 79872K, used 61733K [0x0000000081200000, 0x0000000100000000)
  region size 1024K, 37 young (37888K), 4 survivors (4096K)
 Metaspace       used 51397K, capacity 52942K, committed 53072K, reserved 1095680K
  class space    used 7041K, capacity 7634K, committed 7680K, reserved 1048576K
}
Event: 11.659 GC heap after
{Heap after GC invocations=25 (full 0):
 garbage-first heap   total 79872K, used 29834K [0x0000000081200000, 0x0000000100000000)
  region size 1024K, 5 young (5120K), 5 survivors (5120K)
 Metaspace       used 51397K, capacity 52942K, committed 53072K, reserved 1095680K
  class space    used 7041K, capacity 7634K, committed 7680K, reserved 1048576K
}
Event: 18.193 GC heap before
{Heap before GC invocations=25 (full 0):
 garbage-first heap   total 79872K, used 62602K [0x0000000081200000, 0x0000000100000000)
  region size 1024K, 37 young (37888K), 5 survivors (5120K)
 Metaspace       used 53770K, capacity 55328K, committed 55504K, reserved 1097728K
  class space    used 7390K, capacity 7981K, committed 8064K, reserved 1048576K
}
Event: 18.202 GC heap after
{Heap after GC invocations=26 (full 0):
 garbage-first heap   total 96256K, used 30037K [0x0000000081200000, 0x0000000100000000)
  region size 1024K, 3 young (3072K), 3 survivors (3072K)
 Metaspace       used 53770K, capacity 55328K, committed 55504K, reserved 1097728K
  class space    used 7390K, capacity 7981K, committed 8064K, reserved 1048576K
}
Event: 56.023 GC heap before
{Heap before GC invocations=26 (full 0):
 garbage-first heap   total 96256K, used 64853K [0x0000000081200000, 0x0000000100000000)
  region size 1024K, 36 young (36864K), 3 survivors (3072K)
 Metaspace       used 58566K, capacity 60133K, committed 60296K, reserved 1101824K
  class space    used 7898K, capacity 8494K, committed 8576K, reserved 1048576K
}
Event: 56.033 GC heap after
{Heap after GC invocations=27 (full 0):
 garbage-first heap   total 96256K, used 31075K [0x0000000081200000, 0x0000000100000000)
  region size 1024K, 4 young (4096K), 4 survivors (4096K)
 Metaspace       used 58566K, capacity 60133K, committed 60296K, reserved 1101824K
  class space    used 7898K, capacity 8494K, committed 8576K, reserved 1048576K
}

